<?xml version="1.0" encoding="UTF-8"?>
<testng-results skipped="0" failed="0" ignored="0" total="1" passed="1">
  <reporter-output>
  </reporter-output>
  <suite name="Default suite" duration-ms="15598" started-at="2018-12-19T10:57:11Z" finished-at="2018-12-19T10:57:27Z">
    <groups>
    </groups>
    <test name="Default test" duration-ms="15598" started-at="2018-12-19T10:57:11Z" finished-at="2018-12-19T10:57:27Z">
      <class name="com.healthie.testcase.LoginTest">
        <test-method status="PASS" signature="doToLogin()[pri:0, instance:com.healthie.testcase.LoginTest@61832929]" name="doToLogin" duration-ms="15566" started-at="2018-12-19T10:57:11Z" finished-at="2018-12-19T10:57:27Z">
          <reporter-output>
          </reporter-output>
        </test-method> <!-- doToLogin -->
      </class> <!-- com.healthie.testcase.LoginTest -->
    </test> <!-- Default test -->
  </suite> <!-- Default suite -->
</testng-results>
